npm verb cli C:\Program Files\nodejs\node.exe C:\Program Files\nodejs\node_modules\npm\bin\npm-cli.js
npm info using npm@10.2.3
npm info using node@v20.10.0
npm verb title npm install
npm verb argv "install" "--loglevel" "verbose"
npm verb logfile logs-max:10 dir:C:\Users\User\AppData\Local\npm-cache\_logs\2025-11-10T18_07_53_994Z-
npm verb logfile C:\Users\User\AppData\Local\npm-cache\_logs\2025-11-10T18_07_53_994Z-debug-0.log
npm http fetch GET 200 https://registry.npmjs.org/@fortawesome%2ffontawesome-free 478ms (cache revalidated)
npm http fetch GET 200 https://registry.npmjs.org/bootstrap 46ms (cache revalidated)
npm http fetch GET 200 https://registry.npmjs.org/@popperjs%2fcore 671ms (cache revalidated)
npm http fetch GET 200 https://registry.npmjs.org/cloudinary 60ms (cache revalidated)
npm http fetch GET 200 https://registry.npmjs.org/connect-flash 674ms (cache revalidated)
npm http fetch GET 200 https://registry.npmjs.org/connect-mongo 68ms (cache revalidated)
npm http fetch GET 200 https://registry.npmjs.org/express-session 73ms (cache revalidated)
npm http fetch GET 200 https://registry.npmjs.org/mongodb 65ms (cache revalidated)
npm http fetch GET 200 https://registry.npmjs.org/@aws-sdk%2fcredential-providers 650ms (cache revalidated)
npm http fetch GET 200 https://registry.npmjs.org/@mongodb-js%2fzstd 276ms (cache revalidated)
npm http fetch GET 200 https://registry.npmjs.org/gcp-metadata 58ms (cache revalidated)
npm http fetch GET 200 https://registry.npmjs.org/kerberos 43ms (cache revalidated)
npm http fetch GET 200 https://registry.npmjs.org/mongodb-client-encryption 48ms (cache revalidated)
npm http fetch GET 200 https://registry.npmjs.org/snappy 692ms (cache revalidated)
npm http fetch GET 200 https://registry.npmjs.org/socks 103ms (cache revalidated)
npm http fetch GET 200 https://registry.npmjs.org/dotenv 48ms (cache revalidated)
npm http fetch GET 200 https://registry.npmjs.org/ejs 40ms (cache revalidated)
npm http fetch GET 200 https://registry.npmjs.org/ejs-mate 668ms (cache revalidated)
npm http fetch GET 200 https://registry.npmjs.org/express 69ms (cache revalidated)
npm http fetch GET 200 https://registry.npmjs.org/joi 48ms (cache revalidated)
npm http fetch GET 200 https://registry.npmjs.org/method-override 49ms (cache revalidated)
npm http fetch GET 200 https://registry.npmjs.org/mongoose 51ms (cache revalidated)
npm http fetch GET 200 https://registry.npmjs.org/multer 48ms (cache revalidated)
npm http fetch GET 200 https://registry.npmjs.org/multer-storage-cloudinary 674ms (cache revalidated)
npm http fetch GET 200 https://registry.npmjs.org/passport 68ms (cache revalidated)
npm http fetch GET 200 https://registry.npmjs.org/passport-local 59ms (cache revalidated)
npm http fetch GET 200 https://registry.npmjs.org/passport-local-mongoose 699ms (cache revalidated)
npm http fetch GET 200 https://registry.npmjs.org/lodash 1093ms (cache revalidated)
npm http fetch GET 200 https://registry.npmjs.org/path-to-regexp 1059ms (cache revalidated)
npm http fetch GET 200 https://registry.npmjs.org/q 1181ms (cache revalidated)
npm http fetch GET 200 https://registry.npmjs.org/cookie-signature 1139ms (cache revalidated)
npm http fetch GET 200 https://registry.npmjs.org/debug 1148ms (cache revalidated)
npm http fetch GET 200 https://registry.npmjs.org/depd 1143ms (cache revalidated)
npm http fetch GET 200 https://registry.npmjs.org/safe-buffer 1140ms (cache revalidated)
npm http fetch GET 200 https://registry.npmjs.org/debug 1148ms (cache revalidated)
npm http fetch GET 200 https://registry.npmjs.org/on-headers 1148ms (cache revalidated)
npm http fetch GET 200 https://registry.npmjs.org/parseurl 1147ms (cache revalidated)
npm http fetch GET 200 https://registry.npmjs.org/cookie 1157ms (cache revalidated)
npm http fetch GET 200 https://registry.npmjs.org/core-js 1192ms (cache revalidated)
npm http fetch GET 200 https://registry.npmjs.org/depd 1138ms (cache revalidated)
npm http fetch GET 200 https://registry.npmjs.org/qs 1141ms (cache revalidated)
npm http fetch GET 200 https://registry.npmjs.org/mongodb-connection-string-url 1155ms (cache revalidated)
npm http fetch GET 200 https://registry.npmjs.org/cookie 1134ms (cache revalidated)
npm http fetch GET 200 https://registry.npmjs.org/accepts 1134ms (cache revalidated)
npm http fetch GET 200 https://registry.npmjs.org/fresh 1139ms (cache revalidated)
npm http fetch GET 200 https://registry.npmjs.org/jake 1164ms (cache revalidated)
npm http fetch GET 200 https://registry.npmjs.org/methods 1146ms (cache revalidated)
npm http fetch GET 200 https://registry.npmjs.org/etag 1161ms (cache revalidated)
npm http fetch GET 200 https://registry.npmjs.org/send 1156ms (cache revalidated)
npm http fetch GET 200 https://registry.npmjs.org/range-parser 1137ms (cache revalidated)
npm http fetch GET 200 https://registry.npmjs.org/body-parser 1148ms (cache revalidated)
npm http fetch GET 200 https://registry.npmjs.org/vary 1162ms (cache revalidated)
npm http fetch GET 200 https://registry.npmjs.org/escape-html 1152ms (cache revalidated)
npm http fetch GET 200 https://registry.npmjs.org/encodeurl 1160ms (cache revalidated)
npm http fetch GET 200 https://registry.npmjs.org/serve-static 1150ms (cache revalidated)
npm http fetch GET 200 https://registry.npmjs.org/bson 1200ms (cache revalidated)
npm http fetch GET 200 https://registry.npmjs.org/array-flatten 1162ms (cache revalidated)
npm http fetch GET 200 https://registry.npmjs.org/setprototypeof 1163ms (cache revalidated)
npm http fetch GET 200 https://registry.npmjs.org/uid-safe 1220ms (cache revalidated)
npm http fetch GET 200 https://registry.npmjs.org/cookie-signature 1171ms (cache revalidated)
npm http fetch GET 200 https://registry.npmjs.org/type-is 1193ms (cache revalidated)
npm http fetch GET 200 https://registry.npmjs.org/statuses 1195ms (cache revalidated)
npm http fetch GET 200 https://registry.npmjs.org/proxy-addr 1196ms (cache revalidated)
npm http fetch GET 200 https://registry.npmjs.org/debug 1172ms (cache revalidated)
npm http fetch GET 200 https://registry.npmjs.org/parseurl 1173ms (cache revalidated)
npm http fetch GET 200 https://registry.npmjs.org/http-errors 1198ms (cache revalidated)
npm http fetch GET 200 https://registry.npmjs.org/merge-descriptors 1188ms (cache revalidated)
npm http fetch GET 200 https://registry.npmjs.org/content-disposition 1188ms (cache revalidated)
npm http fetch GET 200 https://registry.npmjs.org/kareem 1179ms (cache revalidated)
npm http fetch GET 200 https://registry.npmjs.org/finalhandler 1203ms (cache revalidated)
npm http fetch GET 200 https://registry.npmjs.org/append-field 1173ms (cache revalidated)
npm http fetch GET 200 https://registry.npmjs.org/ms 1178ms (cache revalidated)
npm http fetch GET 200 https://registry.npmjs.org/mkdirp 1174ms (cache revalidated)
npm http fetch GET 200 https://registry.npmjs.org/sift 1184ms (cache revalidated)
npm http fetch GET 200 https://registry.npmjs.org/type-is 1183ms (cache revalidated)
npm http fetch GET 200 https://registry.npmjs.org/object-assign 1186ms (cache revalidated)
npm http fetch GET 200 https://registry.npmjs.org/concat-stream 1190ms (cache revalidated)
npm http fetch GET 200 https://registry.npmjs.org/busboy 1197ms (cache revalidated)
npm http fetch GET 200 https://registry.npmjs.org/pause 1192ms (cache revalidated)
npm http fetch GET 200 https://registry.npmjs.org/utils-merge 1239ms (cache revalidated)
npm http fetch GET 200 https://registry.npmjs.org/on-finished 1242ms (cache revalidated)
npm http fetch GET 200 https://registry.npmjs.org/utils-merge 1196ms (cache revalidated)
npm http fetch GET 200 https://registry.npmjs.org/passport-strategy 1196ms (cache revalidated)
npm http fetch GET 200 https://registry.npmjs.org/content-type 1244ms (cache revalidated)
npm http fetch GET 200 https://registry.npmjs.org/@mongodb-js%2fsaslprep 1285ms (cache revalidated)
npm http fetch GET 200 https://registry.npmjs.org/xtend 1210ms (cache revalidated)
npm http fetch GET 200 https://registry.npmjs.org/@sideway%2faddress 1242ms (cache revalidated)
npm http fetch GET 200 https://registry.npmjs.org/@sideway%2fpinpoint 1243ms (cache revalidated)
npm http fetch GET 200 https://registry.npmjs.org/@sideway%2fformula 1247ms (cache revalidated)
npm http fetch GET 200 https://registry.npmjs.org/cloudinary-core 1423ms (cache revalidated)
npm http fetch GET 200 https://registry.npmjs.org/kruptein 1436ms (cache revalidated)
npm http fetch GET 200 https://registry.npmjs.org/@hapi%2fhoek 1368ms (cache revalidated)
npm http fetch GET 200 https://registry.npmjs.org/@hapi%2ftopo 1397ms (cache revalidated)
npm http fetch GET 200 https://registry.npmjs.org/mpath 1475ms (cache revalidated)
npm http fetch GET 200 https://registry.npmjs.org/mquery 1486ms (cache revalidated)
npm http fetch GET 200 https://registry.npmjs.org/scmp 1481ms (cache revalidated)
npm http fetch GET 200 https://registry.npmjs.org/generaterr 1503ms (cache revalidated)
npm http fetch GET 200 https://registry.npmjs.org/asn1.js 53ms (cache revalidated)
npm http fetch GET 200 https://registry.npmjs.org/async 94ms (cache revalidated)
npm http fetch GET 200 https://registry.npmjs.org/filelist 98ms (cache revalidated)
npm http fetch GET 200 https://registry.npmjs.org/picocolors 102ms (cache revalidated)
npm http fetch GET 200 https://registry.npmjs.org/bytes 209ms (cache revalidated)
npm http fetch GET 200 https://registry.npmjs.org/destroy 208ms (cache revalidated)
npm http fetch GET 200 https://registry.npmjs.org/mime-types 221ms (cache revalidated)
npm http fetch GET 200 https://registry.npmjs.org/iconv-lite 210ms (cache revalidated)
npm http fetch GET 200 https://registry.npmjs.org/inherits 187ms (cache revalidated)
npm http fetch GET 200 https://registry.npmjs.org/forwarded 175ms (cache revalidated)
npm http fetch GET 200 https://registry.npmjs.org/unpipe 210ms (cache revalidated)
npm http fetch GET 200 https://registry.npmjs.org/unpipe 240ms (cache revalidated)
npm http fetch GET 200 https://registry.npmjs.org/toidentifier 209ms (cache revalidated)
npm http fetch GET 200 https://registry.npmjs.org/side-channel 190ms (cache revalidated)
npm http fetch GET 200 https://registry.npmjs.org/mime 186ms (cache revalidated)
npm http fetch GET 200 https://registry.npmjs.org/ee-first 210ms (cache revalidated)
npm http fetch GET 200 https://registry.npmjs.org/mime-types 189ms (cache revalidated)
npm http fetch GET 200 https://registry.npmjs.org/raw-body 265ms (cache revalidated)
npm http fetch GET 200 https://registry.npmjs.org/media-typer 199ms (cache revalidated)
npm http fetch GET 200 https://registry.npmjs.org/negotiator 278ms (cache revalidated)
npm http fetch GET 200 https://registry.npmjs.org/ipaddr.js 771ms (cache revalidated)
npm http fetch GET 200 https://registry.npmjs.org/mime-db 63ms (cache revalidated)
npm http fetch GET 200 https://registry.npmjs.org/safer-buffer 60ms (cache revalidated)
npm http fetch GET 200 https://registry.npmjs.org/random-bytes 60ms (cache revalidated)
npm http fetch GET 200 https://registry.npmjs.org/minimatch 54ms (cache revalidated)
npm http fetch GET 200 https://registry.npmjs.org/brace-expansion 41ms (cache revalidated)
npm http fetch GET 200 https://registry.npmjs.org/bn.js 48ms (cache revalidated)
npm http fetch GET 200 https://registry.npmjs.org/minimalistic-assert 55ms (cache revalidated)
npm http fetch GET 200 https://registry.npmjs.org/balanced-match 43ms (cache revalidated)
npm http fetch GET 200 https://registry.npmjs.org/whatwg-url 48ms (cache revalidated)
npm http fetch GET 200 https://registry.npmjs.org/sparse-bitfield 57ms (cache revalidated)
npm http fetch GET 200 https://registry.npmjs.org/@types%2fwhatwg-url 67ms (cache revalidated)
npm http fetch GET 200 https://registry.npmjs.org/memory-pager 44ms (cache revalidated)
npm http fetch GET 200 https://registry.npmjs.org/tr46 56ms (cache revalidated)
npm http fetch GET 200 https://registry.npmjs.org/webidl-conversions 56ms (cache revalidated)
npm http fetch GET 200 https://registry.npmjs.org/@types%2fwebidl-conversions 70ms (cache revalidated)
npm http fetch GET 200 https://registry.npmjs.org/buffer-from 75ms (cache revalidated)
npm http fetch GET 200 https://registry.npmjs.org/streamsearch 85ms (cache revalidated)
npm http fetch GET 200 https://registry.npmjs.org/typedarray 89ms (cache revalidated)
npm http fetch GET 200 https://registry.npmjs.org/minimist 89ms (cache revalidated)
npm http fetch GET 200 https://registry.npmjs.org/readable-stream 97ms (cache revalidated)
npm http fetch GET 200 https://registry.npmjs.org/util-deprecate 42ms (cache revalidated)
npm http fetch GET 200 https://registry.npmjs.org/string_decoder 49ms (cache revalidated)
npm http fetch GET 200 https://registry.npmjs.org/es-errors 92ms (cache revalidated)
npm http fetch GET 200 https://registry.npmjs.org/side-channel-list 92ms (cache revalidated)
npm http fetch GET 200 https://registry.npmjs.org/side-channel-map 100ms (cache revalidated)
npm http fetch GET 200 https://registry.npmjs.org/side-channel-weakmap 100ms (cache revalidated)
npm http fetch GET 200 https://registry.npmjs.org/object-inspect 105ms (cache revalidated)
npm http fetch GET 200 https://registry.npmjs.org/get-intrinsic 43ms (cache revalidated)
npm http fetch GET 200 https://registry.npmjs.org/call-bound 51ms (cache revalidated)
npm http fetch GET 200 https://registry.npmjs.org/hasown 68ms (cache revalidated)
npm http fetch GET 200 https://registry.npmjs.org/get-proto 75ms (cache revalidated)
npm http fetch GET 200 https://registry.npmjs.org/has-symbols 79ms (cache revalidated)
npm http fetch GET 200 https://registry.npmjs.org/gopd 86ms (cache revalidated)
npm http fetch GET 200 https://registry.npmjs.org/call-bind-apply-helpers 92ms (cache revalidated)
npm http fetch GET 200 https://registry.npmjs.org/es-object-atoms 87ms (cache revalidated)
npm http fetch GET 200 https://registry.npmjs.org/function-bind 90ms (cache revalidated)
npm http fetch GET 200 https://registry.npmjs.org/math-intrinsics 89ms (cache revalidated)
npm http fetch GET 200 https://registry.npmjs.org/es-define-property 93ms (cache revalidated)
npm http fetch GET 200 https://registry.npmjs.org/dunder-proto 51ms (cache revalidated)
npm http fetch GET 200 https://registry.npmjs.org/punycode 44ms (cache revalidated)
npm http fetch POST 200 https://registry.npmjs.org/-/npm/v1/security/advisories/bulk 1169ms
npm WARN deprecated q@1.5.1: You or someone you depend on is using Q, the JavaScript Promise library that gave JavaScript developers strong feelings about promises. They can almost certainly migrate to the native JavaScript promise now. Thank you literally everyone for joining me in this bet against the odds. Be excellent to each other.
npm WARN deprecated 
npm WARN deprecated (For a CapTP with native promises, see @endo/eventual-send and @endo/captp)
npm info run core-js@3.46.0 postinstall node_modules/core-js node -e "try{require('./postinstall')}catch(e){}"
npm info run core-js@3.46.0 postinstall { code: 0, signal: null }

added 156 packages, and audited 157 packages in 1m

21 packages are looking for funding
  run `npm fund` for details

found 0 vulnerabilities
npm verb exit 0
npm info ok 
